  PDSD_Course.cpp
D:\University\динам. структуры\Курсовая работа\Code\PDSD_Course\PDSD_Course.cpp(81,8): error C2065: A: необъявленный идентификатор
D:\University\динам. структуры\Курсовая работа\Code\PDSD_Course\PDSD_Course.cpp(87,5): error C2065: B: необъявленный идентификатор
D:\University\динам. структуры\Курсовая работа\Code\PDSD_Course\PDSD_Course.cpp(87,10): error C2065: B: необъявленный идентификатор
D:\University\динам. структуры\Курсовая работа\Code\PDSD_Course\PDSD_Course.cpp(93,5): error C2065: C: необъявленный идентификатор
D:\University\динам. структуры\Курсовая работа\Code\PDSD_Course\PDSD_Course.cpp(93,10): error C2065: C: необъявленный идентификатор
D:\University\динам. структуры\Курсовая работа\Code\PDSD_Course\PDSD_Course.cpp(99,5): error C2065: D: необъявленный идентификатор
D:\University\динам. структуры\Курсовая работа\Code\PDSD_Course\PDSD_Course.cpp(99,10): error C2065: D: необъявленный идентификатор
D:\University\динам. структуры\Курсовая работа\Code\PDSD_Course\PDSD_Course.cpp(110,8): error C2065: A: необъявленный идентификатор
D:\University\динам. структуры\Курсовая работа\Code\PDSD_Course\PDSD_Course.cpp(110,17): error C2065: A: необъявленный идентификатор
D:\University\динам. структуры\Курсовая работа\Code\PDSD_Course\PDSD_Course.cpp(110,24): error C2660: f9: функция не принимает 1 аргументов
D:\University\динам. структуры\Курсовая работа\Code\PDSD_Course\HeaderNode.h(40,6): message : см. объявление "f9"
D:\University\динам. структуры\Курсовая работа\Code\PDSD_Course\PDSD_Course.cpp(116,5): error C2065: B: необъявленный идентификатор
D:\University\динам. структуры\Курсовая работа\Code\PDSD_Course\PDSD_Course.cpp(116,10): error C2065: B: необъявленный идентификатор
D:\University\динам. структуры\Курсовая работа\Code\PDSD_Course\PDSD_Course.cpp(116,19): error C2065: B: необъявленный идентификатор
D:\University\динам. структуры\Курсовая работа\Code\PDSD_Course\PDSD_Course.cpp(122,5): error C2065: C: необъявленный идентификатор
D:\University\динам. структуры\Курсовая работа\Code\PDSD_Course\PDSD_Course.cpp(122,10): error C2065: C: необъявленный идентификатор
D:\University\динам. структуры\Курсовая работа\Code\PDSD_Course\PDSD_Course.cpp(122,17): error C2065: C: необъявленный идентификатор
D:\University\динам. структуры\Курсовая работа\Code\PDSD_Course\PDSD_Course.cpp(128,5): error C2065: D: необъявленный идентификатор
D:\University\динам. структуры\Курсовая работа\Code\PDSD_Course\PDSD_Course.cpp(128,10): error C2065: D: необъявленный идентификатор
D:\University\динам. структуры\Курсовая работа\Code\PDSD_Course\PDSD_Course.cpp(128,17): error C2065: D: необъявленный идентификатор
D:\University\динам. структуры\Курсовая работа\Code\PDSD_Course\PDSD_Course.cpp(141,18): error C2065: A: необъявленный идентификатор
D:\University\динам. структуры\Курсовая работа\Code\PDSD_Course\PDSD_Course.cpp(141,25): error C2660: f9: функция не принимает 1 аргументов
D:\University\динам. структуры\Курсовая работа\Code\PDSD_Course\HeaderNode.h(40,6): message : см. объявление "f9"
D:\University\динам. структуры\Курсовая работа\Code\PDSD_Course\PDSD_Course.cpp(149,21): error C2065: B: необъявленный идентификатор
D:\University\динам. структуры\Курсовая работа\Code\PDSD_Course\PDSD_Course.cpp(149,28): error C2660: ClassList::f9: функция не принимает 1 аргументов
D:\University\динам. структуры\Курсовая работа\Code\PDSD_Course\HeaderClassList.h(45,7): message : см. объявление "ClassList::f9"
D:\University\динам. структуры\Курсовая работа\Code\PDSD_Course\PDSD_Course.cpp(157,19): error C2065: C: необъявленный идентификатор
D:\University\динам. структуры\Курсовая работа\Code\PDSD_Course\PDSD_Course.cpp(157,24): error C2660: List::f9: функция не принимает 1 аргументов
D:\University\динам. структуры\Курсовая работа\Code\PDSD_Course\HeaderList.h(32,7): message : см. объявление "List::f9"
D:\University\динам. структуры\Курсовая работа\Code\PDSD_Course\PDSD_Course.cpp(165,5): error C2065: D: необъявленный идентификатор
D:\University\динам. структуры\Курсовая работа\Code\PDSD_Course\PDSD_Course.cpp(165,18): error C2065: D: необъявленный идентификатор
D:\University\динам. структуры\Курсовая работа\Code\PDSD_Course\PDSD_Course.cpp(176,9): error C2065: A: необъявленный идентификатор
D:\University\динам. структуры\Курсовая работа\Code\PDSD_Course\PDSD_Course.cpp(176,18): error C2065: A: необъявленный идентификатор
D:\University\динам. структуры\Курсовая работа\Code\PDSD_Course\PDSD_Course.cpp(176,25): error C2660: f10: функция не принимает 1 аргументов
D:\University\динам. структуры\Курсовая работа\Code\PDSD_Course\HeaderNode.h(42,6): message : см. объявление "f10"
D:\University\динам. структуры\Курсовая работа\Code\PDSD_Course\PDSD_Course.cpp(182,5): error C2065: B: необъявленный идентификатор
D:\University\динам. структуры\Курсовая работа\Code\PDSD_Course\PDSD_Course.cpp(182,11): error C2065: B: необъявленный идентификатор
D:\University\динам. структуры\Курсовая работа\Code\PDSD_Course\PDSD_Course.cpp(182,20): error C2065: B: необъявленный идентификатор
D:\University\динам. структуры\Курсовая работа\Code\PDSD_Course\PDSD_Course.cpp(188,5): error C2065: C: необъявленный идентификатор
D:\University\динам. структуры\Курсовая работа\Code\PDSD_Course\PDSD_Course.cpp(188,11): error C2065: C: необъявленный идентификатор
D:\University\динам. структуры\Курсовая работа\Code\PDSD_Course\PDSD_Course.cpp(188,18): error C2065: C: необъявленный идентификатор
D:\University\динам. структуры\Курсовая работа\Code\PDSD_Course\PDSD_Course.cpp(194,5): error C2065: D: необъявленный идентификатор
D:\University\динам. структуры\Курсовая работа\Code\PDSD_Course\PDSD_Course.cpp(194,11): error C2065: D: необъявленный идентификатор
D:\University\динам. структуры\Курсовая работа\Code\PDSD_Course\PDSD_Course.cpp(194,18): error C2065: D: необъявленный идентификатор
D:\University\динам. структуры\Курсовая работа\Code\PDSD_Course\PDSD_Course.cpp(205,9): error C2065: A: необъявленный идентификатор
D:\University\динам. структуры\Курсовая работа\Code\PDSD_Course\PDSD_Course.cpp(211,5): error C2065: B: необъявленный идентификатор
D:\University\динам. структуры\Курсовая работа\Code\PDSD_Course\PDSD_Course.cpp(211,11): error C2065: B: необъявленный идентификатор
D:\University\динам. структуры\Курсовая работа\Code\PDSD_Course\PDSD_Course.cpp(217,5): error C2065: C: необъявленный идентификатор
D:\University\динам. структуры\Курсовая работа\Code\PDSD_Course\PDSD_Course.cpp(217,11): error C2065: C: необъявленный идентификатор
D:\University\динам. структуры\Курсовая работа\Code\PDSD_Course\PDSD_Course.cpp(223,5): error C2065: D: необъявленный идентификатор
D:\University\динам. структуры\Курсовая работа\Code\PDSD_Course\PDSD_Course.cpp(223,11): error C2065: D: необъявленный идентификатор
D:\University\динам. структуры\Курсовая работа\Code\PDSD_Course\PDSD_Course.cpp(235,20): error C2065: A: необъявленный идентификатор
D:\University\динам. структуры\Курсовая работа\Code\PDSD_Course\PDSD_Course.cpp(241,21): error C2065: B: необъявленный идентификатор
D:\University\динам. структуры\Курсовая работа\Code\PDSD_Course\PDSD_Course.cpp(241,27): error C2065: B: необъявленный идентификатор
D:\University\динам. структуры\Курсовая работа\Code\PDSD_Course\PDSD_Course.cpp(247,15): error C2065: C: необъявленный идентификатор
D:\University\динам. структуры\Курсовая работа\Code\PDSD_Course\PDSD_Course.cpp(247,21): error C2065: C: необъявленный идентификатор
D:\University\динам. структуры\Курсовая работа\Code\PDSD_Course\PDSD_Course.cpp(253,14): error C2065: D: необъявленный идентификатор
D:\University\динам. структуры\Курсовая работа\Code\PDSD_Course\PDSD_Course.cpp(253,20): error C2065: D: необъявленный идентификатор
D:\University\динам. структуры\Курсовая работа\Code\PDSD_Course\PDSD_Course.cpp(265,20): error C2065: A: необъявленный идентификатор
D:\University\динам. структуры\Курсовая работа\Code\PDSD_Course\PDSD_Course.cpp(271,21): error C2065: B: необъявленный идентификатор
D:\University\динам. структуры\Курсовая работа\Code\PDSD_Course\PDSD_Course.cpp(271,27): error C2065: B: необъявленный идентификатор
D:\University\динам. структуры\Курсовая работа\Code\PDSD_Course\PDSD_Course.cpp(277,15): error C2065: C: необъявленный идентификатор
D:\University\динам. структуры\Курсовая работа\Code\PDSD_Course\PDSD_Course.cpp(277,21): error C2065: C: необъявленный идентификатор
D:\University\динам. структуры\Курсовая работа\Code\PDSD_Course\PDSD_Course.cpp(283,14): error C2065: D: необъявленный идентификатор
D:\University\динам. структуры\Курсовая работа\Code\PDSD_Course\PDSD_Course.cpp(283,20): error C2065: D: необъявленный идентификатор
D:\University\динам. структуры\Курсовая работа\Code\PDSD_Course\PDSD_Course.cpp(295,20): error C2065: A: необъявленный идентификатор
D:\University\динам. структуры\Курсовая работа\Code\PDSD_Course\PDSD_Course.cpp(301,21): error C2065: B: необъявленный идентификатор
D:\University\динам. структуры\Курсовая работа\Code\PDSD_Course\PDSD_Course.cpp(301,27): error C2065: B: необъявленный идентификатор
D:\University\динам. структуры\Курсовая работа\Code\PDSD_Course\PDSD_Course.cpp(307,15): error C2065: C: необъявленный идентификатор
D:\University\динам. структуры\Курсовая работа\Code\PDSD_Course\PDSD_Course.cpp(307,21): error C2065: C: необъявленный идентификатор
D:\University\динам. структуры\Курсовая работа\Code\PDSD_Course\PDSD_Course.cpp(313,14): error C2065: D: необъявленный идентификатор
D:\University\динам. структуры\Курсовая работа\Code\PDSD_Course\PDSD_Course.cpp(313,20): error C2065: D: необъявленный идентификатор
D:\University\динам. структуры\Курсовая работа\Code\PDSD_Course\PDSD_Course.cpp(325,30): error C2065: A: необъявленный идентификатор
D:\University\динам. структуры\Курсовая работа\Code\PDSD_Course\PDSD_Course.cpp(325,37): error C2660: f13: функция не принимает 1 аргументов
D:\University\динам. структуры\Курсовая работа\Code\PDSD_Course\HeaderNode.h(48,7): message : см. объявление "f13"
D:\University\динам. структуры\Курсовая работа\Code\PDSD_Course\PDSD_Course.cpp(331,38): error C2065: B: необъявленный идентификатор
D:\University\динам. структуры\Курсовая работа\Code\PDSD_Course\PDSD_Course.cpp(331,45): error C2660: ClassList::f13: функция не принимает 1 аргументов
D:\University\динам. структуры\Курсовая работа\Code\PDSD_Course\HeaderClassList.h(53,13): message : см. объявление "ClassList::f13"
D:\University\динам. структуры\Курсовая работа\Code\PDSD_Course\PDSD_Course.cpp(337,30): error C2065: C: необъявленный идентификатор
D:\University\динам. структуры\Курсовая работа\Code\PDSD_Course\PDSD_Course.cpp(337,35): error C2660: List::f13: функция не принимает 1 аргументов
D:\University\динам. структуры\Курсовая работа\Code\PDSD_Course\HeaderList.h(40,7): message : см. объявление "List::f13"
D:\University\динам. структуры\Курсовая работа\Code\PDSD_Course\PDSD_Course.cpp(343,29): error C2065: D: необъявленный идентификатор
D:\University\динам. структуры\Курсовая работа\Code\PDSD_Course\PDSD_Course.cpp(343,34): error C2660: Set::f13: функция не принимает 1 аргументов
D:\University\динам. структуры\Курсовая работа\Code\PDSD_Course\HeaderSet.h(40,6): message : см. объявление "Set::f13"
D:\University\динам. структуры\Курсовая работа\Code\PDSD_Course\PDSD_Course.cpp(355,30): error C2065: A: необъявленный идентификатор
D:\University\динам. структуры\Курсовая работа\Code\PDSD_Course\PDSD_Course.cpp(355,37): error C2660: f14: функция не принимает 1 аргументов
D:\University\динам. структуры\Курсовая работа\Code\PDSD_Course\HeaderNode.h(50,7): message : см. объявление "f14"
D:\University\динам. структуры\Курсовая работа\Code\PDSD_Course\PDSD_Course.cpp(361,21): error C2065: B: необъявленный идентификатор
D:\University\динам. структуры\Курсовая работа\Code\PDSD_Course\PDSD_Course.cpp(361,37): error C2065: B: необъявленный идентификатор
D:\University\динам. структуры\Курсовая работа\Code\PDSD_Course\PDSD_Course.cpp(367,15): error C2065: C: необъявленный идентификатор
D:\University\динам. структуры\Курсовая работа\Code\PDSD_Course\PDSD_Course.cpp(367,29): error C2065: C: необъявленный идентификатор
D:\University\динам. структуры\Курсовая работа\Code\PDSD_Course\PDSD_Course.cpp(373,14): error C2065: D: необъявленный идентификатор
D:\University\динам. структуры\Курсовая работа\Code\PDSD_Course\PDSD_Course.cpp(373,28): error C2065: D: необъявленный идентификатор
  Vector.cpp
D:\University\динам. структуры\Курсовая работа\Code\PDSD_Course\Vector.cpp(1,10): warning C4067: непредвиденные лексемы за директивой препроцессора, требуется newline
D:\University\динам. структуры\Курсовая работа\Code\PDSD_Course\Vector.cpp(39,22): warning C4267: return: преобразование из "size_t" в "int"; возможна потеря данных
  queue.cpp
D:\University\динам. структуры\Курсовая работа\Code\PDSD_Course\queue.cpp(1,10): warning C4067: непредвиденные лексемы за директивой препроцессора, требуется newline
D:\University\динам. структуры\Курсовая работа\Code\PDSD_Course\queue.cpp(41,22): warning C4267: return: преобразование из "size_t" в "int"; возможна потеря данных
  Создание кода...
